2025-10-07 10:57:39.376 [main] ERROR Tema1.Ejemplos.Ejemplo - Error al crear fichero:El sistema no puede encontrar la ruta especificada
2025-10-07 11:46:52.824 [main] INFO  Tema1.Ejemplos.Ejemplo - [Ljava.lang.String;@61001b64
2025-10-07 11:47:23.795 [main] INFO  Tema1.Ejemplos.Ejemplo - [Ljava.lang.String;@61001b64
2025-10-07 11:47:49.396 [main] INFO  Tema1.Ejemplos.Ejemplo - [Ljava.lang.String;@61001b64
2025-10-07 11:50:49.605 [main] INFO  Tema1.Ejemplos.Ejemplo - .git
2025-10-07 11:50:49.608 [main] INFO  Tema1.Ejemplos.Ejemplo - Acceso a datos
2025-10-07 11:50:49.608 [main] INFO  Tema1.Ejemplos.Ejemplo - Desarrollo de interfaces
2025-10-07 11:50:49.608 [main] INFO  Tema1.Ejemplos.Ejemplo - Ingles
2025-10-07 11:50:49.608 [main] INFO  Tema1.Ejemplos.Ejemplo - IP2
2025-10-07 11:50:49.608 [main] INFO  Tema1.Ejemplos.Ejemplo - Optativa
2025-10-07 11:50:49.608 [main] INFO  Tema1.Ejemplos.Ejemplo - PMDM
2025-10-07 11:50:49.608 [main] INFO  Tema1.Ejemplos.Ejemplo - Proyecto
2025-10-07 11:50:49.608 [main] INFO  Tema1.Ejemplos.Ejemplo - Proyectos Eclipse
2025-10-07 11:50:49.608 [main] INFO  Tema1.Ejemplos.Ejemplo - PSP
2025-10-07 11:50:49.608 [main] INFO  Tema1.Ejemplos.Ejemplo - README.md
2025-10-07 11:50:49.608 [main] INFO  Tema1.Ejemplos.Ejemplo - Sistemas de gestion empresarial
2025-10-07 11:50:49.608 [main] INFO  Tema1.Ejemplos.Ejemplo - Spring
2025-10-07 11:58:25.358 [main] INFO  Tema1.Ejemplos.Ejemplo - Existe
2025-10-07 11:58:25.360 [main] INFO  Tema1.Ejemplos.Ejemplo - .git
2025-10-07 11:58:25.360 [main] INFO  Tema1.Ejemplos.Ejemplo - Acceso a datos
2025-10-07 11:58:25.360 [main] INFO  Tema1.Ejemplos.Ejemplo - Desarrollo de interfaces
2025-10-07 11:58:25.360 [main] INFO  Tema1.Ejemplos.Ejemplo - Ingles
2025-10-07 11:58:25.360 [main] INFO  Tema1.Ejemplos.Ejemplo - IP2
2025-10-07 11:58:25.361 [main] INFO  Tema1.Ejemplos.Ejemplo - Optativa
2025-10-07 11:58:25.361 [main] INFO  Tema1.Ejemplos.Ejemplo - PMDM
2025-10-07 11:58:25.361 [main] INFO  Tema1.Ejemplos.Ejemplo - Proyecto
2025-10-07 11:58:25.361 [main] INFO  Tema1.Ejemplos.Ejemplo - Proyectos Eclipse
2025-10-07 11:58:25.361 [main] INFO  Tema1.Ejemplos.Ejemplo - PSP
2025-10-07 11:58:25.361 [main] INFO  Tema1.Ejemplos.Ejemplo - README.md
2025-10-07 11:58:25.361 [main] INFO  Tema1.Ejemplos.Ejemplo - Sistemas de gestion empresarial
2025-10-07 11:58:25.361 [main] INFO  Tema1.Ejemplos.Ejemplo - Spring
