2025-10-08 08:07:45.779 [main] INFO  Tema1.Boletin1.Ejercicio1 - Existe
2025-10-08 08:07:45.781 [main] INFO  Tema1.Boletin1.Ejercicio1 - .git
2025-10-08 08:07:45.781 [main] INFO  Tema1.Boletin1.Ejercicio1 - Acceso a datos
2025-10-08 08:07:45.782 [main] INFO  Tema1.Boletin1.Ejercicio1 - Desarrollo de interfaces
2025-10-08 08:07:45.782 [main] INFO  Tema1.Boletin1.Ejercicio1 - Ingles
2025-10-08 08:07:45.782 [main] INFO  Tema1.Boletin1.Ejercicio1 - IP2
2025-10-08 08:07:45.782 [main] INFO  Tema1.Boletin1.Ejercicio1 - Optativa
2025-10-08 08:07:45.782 [main] INFO  Tema1.Boletin1.Ejercicio1 - PMDM
2025-10-08 08:07:45.782 [main] INFO  Tema1.Boletin1.Ejercicio1 - Proyecto
2025-10-08 08:07:45.782 [main] INFO  Tema1.Boletin1.Ejercicio1 - Proyectos Eclipse
2025-10-08 08:07:45.782 [main] INFO  Tema1.Boletin1.Ejercicio1 - PSP
2025-10-08 08:07:45.782 [main] INFO  Tema1.Boletin1.Ejercicio1 - README.md
2025-10-08 08:07:45.782 [main] INFO  Tema1.Boletin1.Ejercicio1 - Sistemas de gestion empresarial
2025-10-08 08:07:45.782 [main] INFO  Tema1.Boletin1.Ejercicio1 - Spring
2025-10-08 08:09:07.102 [main] INFO  Tema1.Boletin1.Ejercicio1 - Existe
2025-10-08 08:09:07.104 [main] INFO  Tema1.Boletin1.Ejercicio1 - .git
2025-10-08 08:09:07.104 [main] INFO  Tema1.Boletin1.Ejercicio1 - Acceso a datos
2025-10-08 08:09:07.104 [main] INFO  Tema1.Boletin1.Ejercicio1 - Desarrollo de interfaces
2025-10-08 08:09:07.104 [main] INFO  Tema1.Boletin1.Ejercicio1 - Ingles
2025-10-08 08:09:07.104 [main] INFO  Tema1.Boletin1.Ejercicio1 - IP2
2025-10-08 08:09:07.105 [main] INFO  Tema1.Boletin1.Ejercicio1 - Optativa
2025-10-08 08:09:07.105 [main] INFO  Tema1.Boletin1.Ejercicio1 - PMDM
2025-10-08 08:09:07.105 [main] INFO  Tema1.Boletin1.Ejercicio1 - Proyecto
2025-10-08 08:09:07.105 [main] INFO  Tema1.Boletin1.Ejercicio1 - Proyectos Eclipse
2025-10-08 08:09:07.105 [main] INFO  Tema1.Boletin1.Ejercicio1 - PSP
2025-10-08 08:09:07.105 [main] INFO  Tema1.Boletin1.Ejercicio1 - README.md
2025-10-08 08:09:07.105 [main] INFO  Tema1.Boletin1.Ejercicio1 - Sistemas de gestion empresarial
2025-10-08 08:09:07.105 [main] INFO  Tema1.Boletin1.Ejercicio1 - Spring
2025-10-08 08:09:35.810 [main] INFO  Tema1.Boletin1.Ejercicio2 - .git
2025-10-08 08:09:35.812 [main] INFO  Tema1.Boletin1.Ejercicio2 - Acceso a datos
2025-10-08 08:09:35.812 [main] INFO  Tema1.Boletin1.Ejercicio2 - Desarrollo de interfaces
2025-10-08 08:09:35.812 [main] INFO  Tema1.Boletin1.Ejercicio2 - Ingles
2025-10-08 08:09:35.812 [main] INFO  Tema1.Boletin1.Ejercicio2 - IP2
2025-10-08 08:09:35.812 [main] INFO  Tema1.Boletin1.Ejercicio2 - Optativa
2025-10-08 08:09:35.812 [main] INFO  Tema1.Boletin1.Ejercicio2 - PMDM
2025-10-08 08:09:35.812 [main] INFO  Tema1.Boletin1.Ejercicio2 - Proyecto
2025-10-08 08:09:35.812 [main] INFO  Tema1.Boletin1.Ejercicio2 - Proyectos Eclipse
2025-10-08 08:09:35.813 [main] INFO  Tema1.Boletin1.Ejercicio2 - PSP
2025-10-08 08:09:35.813 [main] INFO  Tema1.Boletin1.Ejercicio2 - README.md
2025-10-08 08:09:35.813 [main] INFO  Tema1.Boletin1.Ejercicio2 - Sistemas de gestion empresarial
2025-10-08 08:09:35.813 [main] INFO  Tema1.Boletin1.Ejercicio2 - Spring
2025-10-08 08:13:52.889 [main] ERROR Tema1.Boletin1.Ejercicio3 - Ya existe
2025-10-08 08:15:47.356 [main] INFO  Tema1.Boletin1.Ejercicio3 - Directorio creado: C:\Users\alumno\Desktop\DAM\NuevaCarpeta
