2025-11-12 09:09:45.283 [main] INFO  Simulacro.BancoDeAlimentos.Controllers.GestionaBancoAlimentos - Centros cargados: [CentroLogistico [id=CL04, nombre=Banco de Alimentos Córdoba, ciudad=Córdoba, numComedores=22, trabajadores=[Trabajador [nombre=Manuel Serrano, dni=10111213K, fecha=1983-04-01, tipo=ASALARIADO, idCentro=CL04], Trabajador [nombre=Alberto García, dni=22334455H, fecha=1979-09-15, tipo=ASALARIADO, idCentro=CL04], Trabajador [nombre=Julia Muñoz, dni=99001122J, fecha=1987-10-05, tipo=VOLUNTARIO, idCentro=CL04], Trabajador [nombre=Elena Ruiz, dni=99887766G, fecha=1990-12-22, tipo=VOLUNTARIO, idCentro=CL04]]], CentroLogistico [id=CL03, nombre=Banco de Alimentos Granada, ciudad=Granada, numComedores=28, trabajadores=[Trabajador [nombre=Laura Fernández, dni=55667788E, fecha=1995-06-14, tipo=VOLUNTARIO, idCentro=CL03], Trabajador [nombre=Carlos Méndez, dni=33445566F, fecha=1982-01-10, tipo=ASALARIADO, idCentro=CL03], Trabajador [nombre=Rafael Sánchez, dni=88990011I, fecha=1978-02-17, tipo=ASALARIADO, idCentro=CL03], Trabajador [nombre=Elena Martín, dni=77889900H, fecha=1993-09-29, tipo=VOLUNTARIO, idCentro=CL03]]], CentroLogistico [id=CL02, nombre=Banco de Alimentos Málaga, ciudad=Málaga, numComedores=35, trabajadores=[Trabajador [nombre=Pedro López, dni=11223344C, fecha=1975-08-23, tipo=ASALARIADO, idCentro=CL02], Trabajador [nombre=Ana Torres, dni=44332211D, fecha=1988-03-30, tipo=VOLUNTARIO, idCentro=CL02], Trabajador [nombre=Lucía Martín, dni=55667788F, fecha=1991-07-08, tipo=ASALARIADO, idCentro=CL02], Trabajador [nombre=Francisco Ruiz, dni=66778899G, fecha=1984-12-19, tipo=VOLUNTARIO, idCentro=CL02]]], CentroLogistico [id=CL01, nombre=Banco de Alimentos Sevilla, ciudad=Sevilla, numComedores=50, trabajadores=[Trabajador [nombre=Isabel Morales, dni=34567890C, fecha=1985-05-22, tipo=ASALARIADO, idCentro=CL01], Trabajador [nombre=María González, dni=87654321B, fecha=1992-11-05, tipo=VOLUNTARIO, idCentro=CL01], Trabajador [nombre=Juan Pérez, dni=12345678A, fecha=1980-04-12, tipo=ASALARIADO, idCentro=CL01], Trabajador [nombre=Antonio Fernández, dni=23456789D, fecha=1977-03-14, tipo=VOLUNTARIO, idCentro=CL01]]]]
2025-11-12 09:09:45.288 [main] INFO  Simulacro.BancoDeAlimentos.Controllers.GestionaBancoAlimentos - === ASALARIADOS ===
2025-11-12 09:09:45.288 [main] INFO  Simulacro.BancoDeAlimentos.Controllers.GestionaBancoAlimentos - Trabajador [nombre=Manuel Serrano, dni=10111213K, fecha=1983-04-01, tipo=ASALARIADO, idCentro=CL04]
2025-11-12 09:09:45.289 [main] INFO  Simulacro.BancoDeAlimentos.Controllers.GestionaBancoAlimentos - Trabajador [nombre=Alberto García, dni=22334455H, fecha=1979-09-15, tipo=ASALARIADO, idCentro=CL04]
2025-11-12 09:09:45.289 [main] INFO  Simulacro.BancoDeAlimentos.Controllers.GestionaBancoAlimentos - Trabajador [nombre=Carlos Méndez, dni=33445566F, fecha=1982-01-10, tipo=ASALARIADO, idCentro=CL03]
2025-11-12 09:09:45.289 [main] INFO  Simulacro.BancoDeAlimentos.Controllers.GestionaBancoAlimentos - Trabajador [nombre=Rafael Sánchez, dni=88990011I, fecha=1978-02-17, tipo=ASALARIADO, idCentro=CL03]
2025-11-12 09:09:45.289 [main] INFO  Simulacro.BancoDeAlimentos.Controllers.GestionaBancoAlimentos - Trabajador [nombre=Pedro López, dni=11223344C, fecha=1975-08-23, tipo=ASALARIADO, idCentro=CL02]
2025-11-12 09:09:45.289 [main] INFO  Simulacro.BancoDeAlimentos.Controllers.GestionaBancoAlimentos - Trabajador [nombre=Lucía Martín, dni=55667788F, fecha=1991-07-08, tipo=ASALARIADO, idCentro=CL02]
2025-11-12 09:09:45.289 [main] INFO  Simulacro.BancoDeAlimentos.Controllers.GestionaBancoAlimentos - Trabajador [nombre=Isabel Morales, dni=34567890C, fecha=1985-05-22, tipo=ASALARIADO, idCentro=CL01]
2025-11-12 09:09:45.289 [main] INFO  Simulacro.BancoDeAlimentos.Controllers.GestionaBancoAlimentos - Trabajador [nombre=Juan Pérez, dni=12345678A, fecha=1980-04-12, tipo=ASALARIADO, idCentro=CL01]
2025-11-12 09:09:45.289 [main] INFO  Simulacro.BancoDeAlimentos.Controllers.GestionaBancoAlimentos - === VOLUNTARIOS ===
2025-11-12 09:09:45.289 [main] INFO  Simulacro.BancoDeAlimentos.Controllers.GestionaBancoAlimentos - Trabajador [nombre=Julia Muñoz, dni=99001122J, fecha=1987-10-05, tipo=VOLUNTARIO, idCentro=CL04]
2025-11-12 09:09:45.289 [main] INFO  Simulacro.BancoDeAlimentos.Controllers.GestionaBancoAlimentos - Trabajador [nombre=Elena Ruiz, dni=99887766G, fecha=1990-12-22, tipo=VOLUNTARIO, idCentro=CL04]
2025-11-12 09:09:45.291 [main] INFO  Simulacro.BancoDeAlimentos.Controllers.GestionaBancoAlimentos - Trabajador [nombre=Laura Fernández, dni=55667788E, fecha=1995-06-14, tipo=VOLUNTARIO, idCentro=CL03]
2025-11-12 09:09:45.291 [main] INFO  Simulacro.BancoDeAlimentos.Controllers.GestionaBancoAlimentos - Trabajador [nombre=Elena Martín, dni=77889900H, fecha=1993-09-29, tipo=VOLUNTARIO, idCentro=CL03]
2025-11-12 09:09:45.291 [main] INFO  Simulacro.BancoDeAlimentos.Controllers.GestionaBancoAlimentos - Trabajador [nombre=Ana Torres, dni=44332211D, fecha=1988-03-30, tipo=VOLUNTARIO, idCentro=CL02]
2025-11-12 09:09:45.291 [main] INFO  Simulacro.BancoDeAlimentos.Controllers.GestionaBancoAlimentos - Trabajador [nombre=Francisco Ruiz, dni=66778899G, fecha=1984-12-19, tipo=VOLUNTARIO, idCentro=CL02]
2025-11-12 09:09:45.291 [main] INFO  Simulacro.BancoDeAlimentos.Controllers.GestionaBancoAlimentos - Trabajador [nombre=María González, dni=87654321B, fecha=1992-11-05, tipo=VOLUNTARIO, idCentro=CL01]
2025-11-12 09:09:45.291 [main] INFO  Simulacro.BancoDeAlimentos.Controllers.GestionaBancoAlimentos - Trabajador [nombre=Antonio Fernández, dni=23456789D, fecha=1977-03-14, tipo=VOLUNTARIO, idCentro=CL01]
2025-11-12 09:09:45.297 [main] INFO  Simulacro.BancoDeAlimentos.Controllers.GestionaBancoAlimentos - CSV generado correctamente
2025-11-12 09:11:54.556 [main] INFO  Simulacro.BancoDeAlimentos.Controllers.GestionaBancoAlimentos - Centros cargados: [CentroLogistico [id=CL04, nombre=Banco de Alimentos Córdoba, ciudad=Córdoba, numComedores=22, trabajadores=[Trabajador [nombre=Manuel Serrano, dni=10111213K, fecha=1983-04-01, tipo=ASALARIADO, idCentro=CL04], Trabajador [nombre=Alberto García, dni=22334455H, fecha=1979-09-15, tipo=ASALARIADO, idCentro=CL04], Trabajador [nombre=Julia Muñoz, dni=99001122J, fecha=1987-10-05, tipo=VOLUNTARIO, idCentro=CL04], Trabajador [nombre=Elena Ruiz, dni=99887766G, fecha=1990-12-22, tipo=VOLUNTARIO, idCentro=CL04]]], CentroLogistico [id=CL03, nombre=Banco de Alimentos Granada, ciudad=Granada, numComedores=28, trabajadores=[Trabajador [nombre=Laura Fernández, dni=55667788E, fecha=1995-06-14, tipo=VOLUNTARIO, idCentro=CL03], Trabajador [nombre=Carlos Méndez, dni=33445566F, fecha=1982-01-10, tipo=ASALARIADO, idCentro=CL03], Trabajador [nombre=Rafael Sánchez, dni=88990011I, fecha=1978-02-17, tipo=ASALARIADO, idCentro=CL03], Trabajador [nombre=Elena Martín, dni=77889900H, fecha=1993-09-29, tipo=VOLUNTARIO, idCentro=CL03]]], CentroLogistico [id=CL02, nombre=Banco de Alimentos Málaga, ciudad=Málaga, numComedores=35, trabajadores=[Trabajador [nombre=Pedro López, dni=11223344C, fecha=1975-08-23, tipo=ASALARIADO, idCentro=CL02], Trabajador [nombre=Ana Torres, dni=44332211D, fecha=1988-03-30, tipo=VOLUNTARIO, idCentro=CL02], Trabajador [nombre=Lucía Martín, dni=55667788F, fecha=1991-07-08, tipo=ASALARIADO, idCentro=CL02], Trabajador [nombre=Francisco Ruiz, dni=66778899G, fecha=1984-12-19, tipo=VOLUNTARIO, idCentro=CL02]]], CentroLogistico [id=CL01, nombre=Banco de Alimentos Sevilla, ciudad=Sevilla, numComedores=50, trabajadores=[Trabajador [nombre=Isabel Morales, dni=34567890C, fecha=1985-05-22, tipo=ASALARIADO, idCentro=CL01], Trabajador [nombre=María González, dni=87654321B, fecha=1992-11-05, tipo=VOLUNTARIO, idCentro=CL01], Trabajador [nombre=Juan Pérez, dni=12345678A, fecha=1980-04-12, tipo=ASALARIADO, idCentro=CL01], Trabajador [nombre=Antonio Fernández, dni=23456789D, fecha=1977-03-14, tipo=VOLUNTARIO, idCentro=CL01]]]]
2025-11-12 09:11:54.559 [main] INFO  Simulacro.BancoDeAlimentos.Controllers.GestionaBancoAlimentos - === ASALARIADOS ===
2025-11-12 09:11:54.559 [main] INFO  Simulacro.BancoDeAlimentos.Controllers.GestionaBancoAlimentos - Trabajador [nombre=Manuel Serrano, dni=10111213K, fecha=1983-04-01, tipo=ASALARIADO, idCentro=CL04]
2025-11-12 09:11:54.560 [main] INFO  Simulacro.BancoDeAlimentos.Controllers.GestionaBancoAlimentos - Trabajador [nombre=Alberto García, dni=22334455H, fecha=1979-09-15, tipo=ASALARIADO, idCentro=CL04]
2025-11-12 09:11:54.560 [main] INFO  Simulacro.BancoDeAlimentos.Controllers.GestionaBancoAlimentos - Trabajador [nombre=Carlos Méndez, dni=33445566F, fecha=1982-01-10, tipo=ASALARIADO, idCentro=CL03]
2025-11-12 09:11:54.560 [main] INFO  Simulacro.BancoDeAlimentos.Controllers.GestionaBancoAlimentos - Trabajador [nombre=Rafael Sánchez, dni=88990011I, fecha=1978-02-17, tipo=ASALARIADO, idCentro=CL03]
2025-11-12 09:11:54.560 [main] INFO  Simulacro.BancoDeAlimentos.Controllers.GestionaBancoAlimentos - Trabajador [nombre=Pedro López, dni=11223344C, fecha=1975-08-23, tipo=ASALARIADO, idCentro=CL02]
2025-11-12 09:11:54.560 [main] INFO  Simulacro.BancoDeAlimentos.Controllers.GestionaBancoAlimentos - Trabajador [nombre=Lucía Martín, dni=55667788F, fecha=1991-07-08, tipo=ASALARIADO, idCentro=CL02]
2025-11-12 09:11:54.560 [main] INFO  Simulacro.BancoDeAlimentos.Controllers.GestionaBancoAlimentos - Trabajador [nombre=Isabel Morales, dni=34567890C, fecha=1985-05-22, tipo=ASALARIADO, idCentro=CL01]
2025-11-12 09:11:54.560 [main] INFO  Simulacro.BancoDeAlimentos.Controllers.GestionaBancoAlimentos - Trabajador [nombre=Juan Pérez, dni=12345678A, fecha=1980-04-12, tipo=ASALARIADO, idCentro=CL01]
2025-11-12 09:11:54.560 [main] INFO  Simulacro.BancoDeAlimentos.Controllers.GestionaBancoAlimentos - === VOLUNTARIOS ===
2025-11-12 09:11:54.561 [main] INFO  Simulacro.BancoDeAlimentos.Controllers.GestionaBancoAlimentos - Trabajador [nombre=Julia Muñoz, dni=99001122J, fecha=1987-10-05, tipo=VOLUNTARIO, idCentro=CL04]
2025-11-12 09:11:54.561 [main] INFO  Simulacro.BancoDeAlimentos.Controllers.GestionaBancoAlimentos - Trabajador [nombre=Elena Ruiz, dni=99887766G, fecha=1990-12-22, tipo=VOLUNTARIO, idCentro=CL04]
2025-11-12 09:11:54.561 [main] INFO  Simulacro.BancoDeAlimentos.Controllers.GestionaBancoAlimentos - Trabajador [nombre=Laura Fernández, dni=55667788E, fecha=1995-06-14, tipo=VOLUNTARIO, idCentro=CL03]
2025-11-12 09:11:54.561 [main] INFO  Simulacro.BancoDeAlimentos.Controllers.GestionaBancoAlimentos - Trabajador [nombre=Elena Martín, dni=77889900H, fecha=1993-09-29, tipo=VOLUNTARIO, idCentro=CL03]
2025-11-12 09:11:54.561 [main] INFO  Simulacro.BancoDeAlimentos.Controllers.GestionaBancoAlimentos - Trabajador [nombre=Ana Torres, dni=44332211D, fecha=1988-03-30, tipo=VOLUNTARIO, idCentro=CL02]
2025-11-12 09:11:54.561 [main] INFO  Simulacro.BancoDeAlimentos.Controllers.GestionaBancoAlimentos - Trabajador [nombre=Francisco Ruiz, dni=66778899G, fecha=1984-12-19, tipo=VOLUNTARIO, idCentro=CL02]
2025-11-12 09:11:54.561 [main] INFO  Simulacro.BancoDeAlimentos.Controllers.GestionaBancoAlimentos - Trabajador [nombre=María González, dni=87654321B, fecha=1992-11-05, tipo=VOLUNTARIO, idCentro=CL01]
2025-11-12 09:11:54.561 [main] INFO  Simulacro.BancoDeAlimentos.Controllers.GestionaBancoAlimentos - Trabajador [nombre=Antonio Fernández, dni=23456789D, fecha=1977-03-14, tipo=VOLUNTARIO, idCentro=CL01]
2025-11-12 09:11:54.566 [main] INFO  Simulacro.BancoDeAlimentos.Controllers.GestionaBancoAlimentos - CSV generado correctamente
2025-11-12 09:13:18.196 [main] INFO  Simulacro.BancoDeAlimentos.Controllers.GestionaBancoAlimentos - Centros cargados: [CentroLogistico [id=CL04, nombre=Banco de Alimentos Córdoba, ciudad=Córdoba, numComedores=22, trabajadores=[Trabajador [nombre=Manuel Serrano, dni=10111213K, fecha=1983-04-01, tipo=ASALARIADO, idCentro=CL04], Trabajador [nombre=Alberto García, dni=22334455H, fecha=1979-09-15, tipo=ASALARIADO, idCentro=CL04], Trabajador [nombre=Julia Muñoz, dni=99001122J, fecha=1987-10-05, tipo=VOLUNTARIO, idCentro=CL04], Trabajador [nombre=Elena Ruiz, dni=99887766G, fecha=1990-12-22, tipo=VOLUNTARIO, idCentro=CL04]]], CentroLogistico [id=CL03, nombre=Banco de Alimentos Granada, ciudad=Granada, numComedores=28, trabajadores=[Trabajador [nombre=Laura Fernández, dni=55667788E, fecha=1995-06-14, tipo=VOLUNTARIO, idCentro=CL03], Trabajador [nombre=Carlos Méndez, dni=33445566F, fecha=1982-01-10, tipo=ASALARIADO, idCentro=CL03], Trabajador [nombre=Rafael Sánchez, dni=88990011I, fecha=1978-02-17, tipo=ASALARIADO, idCentro=CL03], Trabajador [nombre=Elena Martín, dni=77889900H, fecha=1993-09-29, tipo=VOLUNTARIO, idCentro=CL03]]], CentroLogistico [id=CL02, nombre=Banco de Alimentos Málaga, ciudad=Málaga, numComedores=35, trabajadores=[Trabajador [nombre=Pedro López, dni=11223344C, fecha=1975-08-23, tipo=ASALARIADO, idCentro=CL02], Trabajador [nombre=Ana Torres, dni=44332211D, fecha=1988-03-30, tipo=VOLUNTARIO, idCentro=CL02], Trabajador [nombre=Lucía Martín, dni=55667788F, fecha=1991-07-08, tipo=ASALARIADO, idCentro=CL02], Trabajador [nombre=Francisco Ruiz, dni=66778899G, fecha=1984-12-19, tipo=VOLUNTARIO, idCentro=CL02]]], CentroLogistico [id=CL01, nombre=Banco de Alimentos Sevilla, ciudad=Sevilla, numComedores=50, trabajadores=[Trabajador [nombre=Isabel Morales, dni=34567890C, fecha=1985-05-22, tipo=ASALARIADO, idCentro=CL01], Trabajador [nombre=María González, dni=87654321B, fecha=1992-11-05, tipo=VOLUNTARIO, idCentro=CL01], Trabajador [nombre=Juan Pérez, dni=12345678A, fecha=1980-04-12, tipo=ASALARIADO, idCentro=CL01], Trabajador [nombre=Antonio Fernández, dni=23456789D, fecha=1977-03-14, tipo=VOLUNTARIO, idCentro=CL01]]]]
2025-11-12 09:13:18.199 [main] INFO  Simulacro.BancoDeAlimentos.Controllers.GestionaBancoAlimentos - === ASALARIADOS ===
2025-11-12 09:13:18.199 [main] INFO  Simulacro.BancoDeAlimentos.Controllers.GestionaBancoAlimentos - Trabajador [nombre=Manuel Serrano, dni=10111213K, fecha=1983-04-01, tipo=ASALARIADO, idCentro=CL04]
2025-11-12 09:13:18.199 [main] INFO  Simulacro.BancoDeAlimentos.Controllers.GestionaBancoAlimentos - Trabajador [nombre=Alberto García, dni=22334455H, fecha=1979-09-15, tipo=ASALARIADO, idCentro=CL04]
2025-11-12 09:13:18.200 [main] INFO  Simulacro.BancoDeAlimentos.Controllers.GestionaBancoAlimentos - Trabajador [nombre=Carlos Méndez, dni=33445566F, fecha=1982-01-10, tipo=ASALARIADO, idCentro=CL03]
2025-11-12 09:13:18.200 [main] INFO  Simulacro.BancoDeAlimentos.Controllers.GestionaBancoAlimentos - Trabajador [nombre=Rafael Sánchez, dni=88990011I, fecha=1978-02-17, tipo=ASALARIADO, idCentro=CL03]
2025-11-12 09:13:18.200 [main] INFO  Simulacro.BancoDeAlimentos.Controllers.GestionaBancoAlimentos - Trabajador [nombre=Pedro López, dni=11223344C, fecha=1975-08-23, tipo=ASALARIADO, idCentro=CL02]
2025-11-12 09:13:18.200 [main] INFO  Simulacro.BancoDeAlimentos.Controllers.GestionaBancoAlimentos - Trabajador [nombre=Lucía Martín, dni=55667788F, fecha=1991-07-08, tipo=ASALARIADO, idCentro=CL02]
2025-11-12 09:13:18.200 [main] INFO  Simulacro.BancoDeAlimentos.Controllers.GestionaBancoAlimentos - Trabajador [nombre=Isabel Morales, dni=34567890C, fecha=1985-05-22, tipo=ASALARIADO, idCentro=CL01]
2025-11-12 09:13:18.200 [main] INFO  Simulacro.BancoDeAlimentos.Controllers.GestionaBancoAlimentos - Trabajador [nombre=Juan Pérez, dni=12345678A, fecha=1980-04-12, tipo=ASALARIADO, idCentro=CL01]
2025-11-12 09:13:18.200 [main] INFO  Simulacro.BancoDeAlimentos.Controllers.GestionaBancoAlimentos - === VOLUNTARIOS ===
2025-11-12 09:13:18.201 [main] INFO  Simulacro.BancoDeAlimentos.Controllers.GestionaBancoAlimentos - Trabajador [nombre=Julia Muñoz, dni=99001122J, fecha=1987-10-05, tipo=VOLUNTARIO, idCentro=CL04]
2025-11-12 09:13:18.201 [main] INFO  Simulacro.BancoDeAlimentos.Controllers.GestionaBancoAlimentos - Trabajador [nombre=Elena Ruiz, dni=99887766G, fecha=1990-12-22, tipo=VOLUNTARIO, idCentro=CL04]
2025-11-12 09:13:18.201 [main] INFO  Simulacro.BancoDeAlimentos.Controllers.GestionaBancoAlimentos - Trabajador [nombre=Laura Fernández, dni=55667788E, fecha=1995-06-14, tipo=VOLUNTARIO, idCentro=CL03]
2025-11-12 09:13:18.201 [main] INFO  Simulacro.BancoDeAlimentos.Controllers.GestionaBancoAlimentos - Trabajador [nombre=Elena Martín, dni=77889900H, fecha=1993-09-29, tipo=VOLUNTARIO, idCentro=CL03]
2025-11-12 09:13:18.201 [main] INFO  Simulacro.BancoDeAlimentos.Controllers.GestionaBancoAlimentos - Trabajador [nombre=Ana Torres, dni=44332211D, fecha=1988-03-30, tipo=VOLUNTARIO, idCentro=CL02]
2025-11-12 09:13:18.201 [main] INFO  Simulacro.BancoDeAlimentos.Controllers.GestionaBancoAlimentos - Trabajador [nombre=Francisco Ruiz, dni=66778899G, fecha=1984-12-19, tipo=VOLUNTARIO, idCentro=CL02]
2025-11-12 09:13:18.201 [main] INFO  Simulacro.BancoDeAlimentos.Controllers.GestionaBancoAlimentos - Trabajador [nombre=María González, dni=87654321B, fecha=1992-11-05, tipo=VOLUNTARIO, idCentro=CL01]
2025-11-12 09:13:18.201 [main] INFO  Simulacro.BancoDeAlimentos.Controllers.GestionaBancoAlimentos - Trabajador [nombre=Antonio Fernández, dni=23456789D, fecha=1977-03-14, tipo=VOLUNTARIO, idCentro=CL01]
2025-11-12 09:13:18.205 [main] INFO  Simulacro.BancoDeAlimentos.Controllers.GestionaBancoAlimentos - CSV generado correctamente
2025-11-12 09:33:06.218 [main] INFO  Simulacro.BancoDeAlimentos.Controllers.GestionaBancoAlimentos - Centros cargados: [CentroLogistico [id=CL04, nombre=Banco de Alimentos Córdoba, ciudad=Córdoba, numComedores=22, trabajadores=[Trabajador [nombre=Manuel Serrano, dni=10111213K, fecha=1983-04-01, tipo=ASALARIADO, idCentro=CL04], Trabajador [nombre=Alberto García, dni=22334455H, fecha=1979-09-15, tipo=ASALARIADO, idCentro=CL04], Trabajador [nombre=Julia Muñoz, dni=99001122J, fecha=1987-10-05, tipo=VOLUNTARIO, idCentro=CL04], Trabajador [nombre=Elena Ruiz, dni=99887766G, fecha=1990-12-22, tipo=VOLUNTARIO, idCentro=CL04]]], CentroLogistico [id=CL03, nombre=Banco de Alimentos Granada, ciudad=Granada, numComedores=28, trabajadores=[Trabajador [nombre=Laura Fernández, dni=55667788E, fecha=1995-06-14, tipo=VOLUNTARIO, idCentro=CL03], Trabajador [nombre=Carlos Méndez, dni=33445566F, fecha=1982-01-10, tipo=ASALARIADO, idCentro=CL03], Trabajador [nombre=Rafael Sánchez, dni=88990011I, fecha=1978-02-17, tipo=ASALARIADO, idCentro=CL03], Trabajador [nombre=Elena Martín, dni=77889900H, fecha=1993-09-29, tipo=VOLUNTARIO, idCentro=CL03]]], CentroLogistico [id=CL02, nombre=Banco de Alimentos Málaga, ciudad=Málaga, numComedores=35, trabajadores=[Trabajador [nombre=Pedro López, dni=11223344C, fecha=1975-08-23, tipo=ASALARIADO, idCentro=CL02], Trabajador [nombre=Ana Torres, dni=44332211D, fecha=1988-03-30, tipo=VOLUNTARIO, idCentro=CL02], Trabajador [nombre=Lucía Martín, dni=55667788F, fecha=1991-07-08, tipo=ASALARIADO, idCentro=CL02], Trabajador [nombre=Francisco Ruiz, dni=66778899G, fecha=1984-12-19, tipo=VOLUNTARIO, idCentro=CL02]]], CentroLogistico [id=CL01, nombre=Banco de Alimentos Sevilla, ciudad=Sevilla, numComedores=50, trabajadores=[Trabajador [nombre=Isabel Morales, dni=34567890C, fecha=1985-05-22, tipo=ASALARIADO, idCentro=CL01], Trabajador [nombre=María González, dni=87654321B, fecha=1992-11-05, tipo=VOLUNTARIO, idCentro=CL01], Trabajador [nombre=Juan Pérez, dni=12345678A, fecha=1980-04-12, tipo=ASALARIADO, idCentro=CL01], Trabajador [nombre=Antonio Fernández, dni=23456789D, fecha=1977-03-14, tipo=VOLUNTARIO, idCentro=CL01]]]]
2025-11-12 09:33:06.221 [main] INFO  Simulacro.BancoDeAlimentos.Controllers.GestionaBancoAlimentos - === ASALARIADOS ===
2025-11-12 09:33:06.222 [main] INFO  Simulacro.BancoDeAlimentos.Controllers.GestionaBancoAlimentos - Trabajador [nombre=Manuel Serrano, dni=10111213K, fecha=1983-04-01, tipo=ASALARIADO, idCentro=CL04]
2025-11-12 09:33:06.222 [main] INFO  Simulacro.BancoDeAlimentos.Controllers.GestionaBancoAlimentos - Trabajador [nombre=Alberto García, dni=22334455H, fecha=1979-09-15, tipo=ASALARIADO, idCentro=CL04]
2025-11-12 09:33:06.222 [main] INFO  Simulacro.BancoDeAlimentos.Controllers.GestionaBancoAlimentos - Trabajador [nombre=Carlos Méndez, dni=33445566F, fecha=1982-01-10, tipo=ASALARIADO, idCentro=CL03]
2025-11-12 09:33:06.222 [main] INFO  Simulacro.BancoDeAlimentos.Controllers.GestionaBancoAlimentos - Trabajador [nombre=Rafael Sánchez, dni=88990011I, fecha=1978-02-17, tipo=ASALARIADO, idCentro=CL03]
2025-11-12 09:33:06.222 [main] INFO  Simulacro.BancoDeAlimentos.Controllers.GestionaBancoAlimentos - Trabajador [nombre=Pedro López, dni=11223344C, fecha=1975-08-23, tipo=ASALARIADO, idCentro=CL02]
2025-11-12 09:33:06.222 [main] INFO  Simulacro.BancoDeAlimentos.Controllers.GestionaBancoAlimentos - Trabajador [nombre=Lucía Martín, dni=55667788F, fecha=1991-07-08, tipo=ASALARIADO, idCentro=CL02]
2025-11-12 09:33:06.223 [main] INFO  Simulacro.BancoDeAlimentos.Controllers.GestionaBancoAlimentos - Trabajador [nombre=Isabel Morales, dni=34567890C, fecha=1985-05-22, tipo=ASALARIADO, idCentro=CL01]
2025-11-12 09:33:06.223 [main] INFO  Simulacro.BancoDeAlimentos.Controllers.GestionaBancoAlimentos - Trabajador [nombre=Juan Pérez, dni=12345678A, fecha=1980-04-12, tipo=ASALARIADO, idCentro=CL01]
2025-11-12 09:33:06.223 [main] INFO  Simulacro.BancoDeAlimentos.Controllers.GestionaBancoAlimentos - === VOLUNTARIOS ===
2025-11-12 09:33:06.223 [main] INFO  Simulacro.BancoDeAlimentos.Controllers.GestionaBancoAlimentos - Trabajador [nombre=Julia Muñoz, dni=99001122J, fecha=1987-10-05, tipo=VOLUNTARIO, idCentro=CL04]
2025-11-12 09:33:06.223 [main] INFO  Simulacro.BancoDeAlimentos.Controllers.GestionaBancoAlimentos - Trabajador [nombre=Elena Ruiz, dni=99887766G, fecha=1990-12-22, tipo=VOLUNTARIO, idCentro=CL04]
2025-11-12 09:33:06.223 [main] INFO  Simulacro.BancoDeAlimentos.Controllers.GestionaBancoAlimentos - Trabajador [nombre=Laura Fernández, dni=55667788E, fecha=1995-06-14, tipo=VOLUNTARIO, idCentro=CL03]
2025-11-12 09:33:06.223 [main] INFO  Simulacro.BancoDeAlimentos.Controllers.GestionaBancoAlimentos - Trabajador [nombre=Elena Martín, dni=77889900H, fecha=1993-09-29, tipo=VOLUNTARIO, idCentro=CL03]
2025-11-12 09:33:06.224 [main] INFO  Simulacro.BancoDeAlimentos.Controllers.GestionaBancoAlimentos - Trabajador [nombre=Ana Torres, dni=44332211D, fecha=1988-03-30, tipo=VOLUNTARIO, idCentro=CL02]
2025-11-12 09:33:06.224 [main] INFO  Simulacro.BancoDeAlimentos.Controllers.GestionaBancoAlimentos - Trabajador [nombre=Francisco Ruiz, dni=66778899G, fecha=1984-12-19, tipo=VOLUNTARIO, idCentro=CL02]
2025-11-12 09:33:06.224 [main] INFO  Simulacro.BancoDeAlimentos.Controllers.GestionaBancoAlimentos - Trabajador [nombre=María González, dni=87654321B, fecha=1992-11-05, tipo=VOLUNTARIO, idCentro=CL01]
2025-11-12 09:33:06.224 [main] INFO  Simulacro.BancoDeAlimentos.Controllers.GestionaBancoAlimentos - Trabajador [nombre=Antonio Fernández, dni=23456789D, fecha=1977-03-14, tipo=VOLUNTARIO, idCentro=CL01]
2025-11-12 09:33:06.228 [main] INFO  Simulacro.BancoDeAlimentos.Controllers.GestionaBancoAlimentos - CSV generado correctamente
2025-11-12 09:33:06.271 [main] INFO  Simulacro.BancoDeAlimentos.Utils.XMLBancoAlimentos - Archivo XML generado correctamente: bancoAlimentosSalida.xml
2025-11-12 09:33:06.271 [main] INFO  Simulacro.BancoDeAlimentos.Controllers.GestionaBancoAlimentos - XML generado correctamente: bancoAlimentosSalida.xml
2025-11-12 09:34:04.600 [main] INFO  Simulacro.BancoDeAlimentos.Controllers.GestionaBancoAlimentos - Centros cargados: [CentroLogistico [id=CL04, nombre=Banco de Alimentos Córdoba, ciudad=Córdoba, numComedores=22, trabajadores=[Trabajador [nombre=Manuel Serrano, dni=10111213K, fecha=1983-04-01, tipo=ASALARIADO, idCentro=CL04], Trabajador [nombre=Alberto García, dni=22334455H, fecha=1979-09-15, tipo=ASALARIADO, idCentro=CL04], Trabajador [nombre=Julia Muñoz, dni=99001122J, fecha=1987-10-05, tipo=VOLUNTARIO, idCentro=CL04], Trabajador [nombre=Elena Ruiz, dni=99887766G, fecha=1990-12-22, tipo=VOLUNTARIO, idCentro=CL04]]], CentroLogistico [id=CL03, nombre=Banco de Alimentos Granada, ciudad=Granada, numComedores=28, trabajadores=[Trabajador [nombre=Laura Fernández, dni=55667788E, fecha=1995-06-14, tipo=VOLUNTARIO, idCentro=CL03], Trabajador [nombre=Carlos Méndez, dni=33445566F, fecha=1982-01-10, tipo=ASALARIADO, idCentro=CL03], Trabajador [nombre=Rafael Sánchez, dni=88990011I, fecha=1978-02-17, tipo=ASALARIADO, idCentro=CL03], Trabajador [nombre=Elena Martín, dni=77889900H, fecha=1993-09-29, tipo=VOLUNTARIO, idCentro=CL03]]], CentroLogistico [id=CL02, nombre=Banco de Alimentos Málaga, ciudad=Málaga, numComedores=35, trabajadores=[Trabajador [nombre=Pedro López, dni=11223344C, fecha=1975-08-23, tipo=ASALARIADO, idCentro=CL02], Trabajador [nombre=Ana Torres, dni=44332211D, fecha=1988-03-30, tipo=VOLUNTARIO, idCentro=CL02], Trabajador [nombre=Lucía Martín, dni=55667788F, fecha=1991-07-08, tipo=ASALARIADO, idCentro=CL02], Trabajador [nombre=Francisco Ruiz, dni=66778899G, fecha=1984-12-19, tipo=VOLUNTARIO, idCentro=CL02]]], CentroLogistico [id=CL01, nombre=Banco de Alimentos Sevilla, ciudad=Sevilla, numComedores=50, trabajadores=[Trabajador [nombre=Isabel Morales, dni=34567890C, fecha=1985-05-22, tipo=ASALARIADO, idCentro=CL01], Trabajador [nombre=María González, dni=87654321B, fecha=1992-11-05, tipo=VOLUNTARIO, idCentro=CL01], Trabajador [nombre=Juan Pérez, dni=12345678A, fecha=1980-04-12, tipo=ASALARIADO, idCentro=CL01], Trabajador [nombre=Antonio Fernández, dni=23456789D, fecha=1977-03-14, tipo=VOLUNTARIO, idCentro=CL01]]]]
2025-11-12 09:34:04.603 [main] INFO  Simulacro.BancoDeAlimentos.Controllers.GestionaBancoAlimentos - === ASALARIADOS ===
2025-11-12 09:34:04.603 [main] INFO  Simulacro.BancoDeAlimentos.Controllers.GestionaBancoAlimentos - Trabajador [nombre=Manuel Serrano, dni=10111213K, fecha=1983-04-01, tipo=ASALARIADO, idCentro=CL04]
2025-11-12 09:34:04.603 [main] INFO  Simulacro.BancoDeAlimentos.Controllers.GestionaBancoAlimentos - Trabajador [nombre=Alberto García, dni=22334455H, fecha=1979-09-15, tipo=ASALARIADO, idCentro=CL04]
2025-11-12 09:34:04.603 [main] INFO  Simulacro.BancoDeAlimentos.Controllers.GestionaBancoAlimentos - Trabajador [nombre=Carlos Méndez, dni=33445566F, fecha=1982-01-10, tipo=ASALARIADO, idCentro=CL03]
2025-11-12 09:34:04.604 [main] INFO  Simulacro.BancoDeAlimentos.Controllers.GestionaBancoAlimentos - Trabajador [nombre=Rafael Sánchez, dni=88990011I, fecha=1978-02-17, tipo=ASALARIADO, idCentro=CL03]
2025-11-12 09:34:04.604 [main] INFO  Simulacro.BancoDeAlimentos.Controllers.GestionaBancoAlimentos - Trabajador [nombre=Pedro López, dni=11223344C, fecha=1975-08-23, tipo=ASALARIADO, idCentro=CL02]
2025-11-12 09:34:04.604 [main] INFO  Simulacro.BancoDeAlimentos.Controllers.GestionaBancoAlimentos - Trabajador [nombre=Lucía Martín, dni=55667788F, fecha=1991-07-08, tipo=ASALARIADO, idCentro=CL02]
2025-11-12 09:34:04.604 [main] INFO  Simulacro.BancoDeAlimentos.Controllers.GestionaBancoAlimentos - Trabajador [nombre=Isabel Morales, dni=34567890C, fecha=1985-05-22, tipo=ASALARIADO, idCentro=CL01]
2025-11-12 09:34:04.604 [main] INFO  Simulacro.BancoDeAlimentos.Controllers.GestionaBancoAlimentos - Trabajador [nombre=Juan Pérez, dni=12345678A, fecha=1980-04-12, tipo=ASALARIADO, idCentro=CL01]
2025-11-12 09:34:04.604 [main] INFO  Simulacro.BancoDeAlimentos.Controllers.GestionaBancoAlimentos - === VOLUNTARIOS ===
2025-11-12 09:34:04.604 [main] INFO  Simulacro.BancoDeAlimentos.Controllers.GestionaBancoAlimentos - Trabajador [nombre=Julia Muñoz, dni=99001122J, fecha=1987-10-05, tipo=VOLUNTARIO, idCentro=CL04]
2025-11-12 09:34:04.604 [main] INFO  Simulacro.BancoDeAlimentos.Controllers.GestionaBancoAlimentos - Trabajador [nombre=Elena Ruiz, dni=99887766G, fecha=1990-12-22, tipo=VOLUNTARIO, idCentro=CL04]
2025-11-12 09:34:04.604 [main] INFO  Simulacro.BancoDeAlimentos.Controllers.GestionaBancoAlimentos - Trabajador [nombre=Laura Fernández, dni=55667788E, fecha=1995-06-14, tipo=VOLUNTARIO, idCentro=CL03]
2025-11-12 09:34:04.605 [main] INFO  Simulacro.BancoDeAlimentos.Controllers.GestionaBancoAlimentos - Trabajador [nombre=Elena Martín, dni=77889900H, fecha=1993-09-29, tipo=VOLUNTARIO, idCentro=CL03]
2025-11-12 09:34:04.605 [main] INFO  Simulacro.BancoDeAlimentos.Controllers.GestionaBancoAlimentos - Trabajador [nombre=Ana Torres, dni=44332211D, fecha=1988-03-30, tipo=VOLUNTARIO, idCentro=CL02]
2025-11-12 09:34:04.605 [main] INFO  Simulacro.BancoDeAlimentos.Controllers.GestionaBancoAlimentos - Trabajador [nombre=Francisco Ruiz, dni=66778899G, fecha=1984-12-19, tipo=VOLUNTARIO, idCentro=CL02]
2025-11-12 09:34:04.605 [main] INFO  Simulacro.BancoDeAlimentos.Controllers.GestionaBancoAlimentos - Trabajador [nombre=María González, dni=87654321B, fecha=1992-11-05, tipo=VOLUNTARIO, idCentro=CL01]
2025-11-12 09:34:04.605 [main] INFO  Simulacro.BancoDeAlimentos.Controllers.GestionaBancoAlimentos - Trabajador [nombre=Antonio Fernández, dni=23456789D, fecha=1977-03-14, tipo=VOLUNTARIO, idCentro=CL01]
2025-11-12 09:34:04.609 [main] INFO  Simulacro.BancoDeAlimentos.Controllers.GestionaBancoAlimentos - CSV generado correctamente
2025-11-12 09:34:04.615 [main] ERROR Simulacro.BancoDeAlimentos.Utils.XMLBancoAlimentos - Error al escribir XML: java.io.FileNotFoundException: C:\Users\alumno\Desktop\DAM\Proyectos Eclipse\AccesoADatos\src\main\resources\src\main\resources\bancoAlimentosSalida.xml (El sistema no puede encontrar la ruta especificada)
2025-11-12 09:34:04.616 [main] INFO  Simulacro.BancoDeAlimentos.Controllers.GestionaBancoAlimentos - XML generado correctamente en: src/main/resources/bancoAlimentosSalida.xml
2025-11-12 09:38:13.906 [main] INFO  Simulacro.BancoDeAlimentos.Controllers.GestionaBancoAlimentos - Centros cargados: [CentroLogistico [id=CL04, nombre=Banco de Alimentos Córdoba, ciudad=Córdoba, numComedores=22, trabajadores=[Trabajador [nombre=Manuel Serrano, dni=10111213K, fecha=1983-04-01, tipo=ASALARIADO, idCentro=CL04], Trabajador [nombre=Alberto García, dni=22334455H, fecha=1979-09-15, tipo=ASALARIADO, idCentro=CL04], Trabajador [nombre=Julia Muñoz, dni=99001122J, fecha=1987-10-05, tipo=VOLUNTARIO, idCentro=CL04], Trabajador [nombre=Elena Ruiz, dni=99887766G, fecha=1990-12-22, tipo=VOLUNTARIO, idCentro=CL04]]], CentroLogistico [id=CL03, nombre=Banco de Alimentos Granada, ciudad=Granada, numComedores=28, trabajadores=[Trabajador [nombre=Laura Fernández, dni=55667788E, fecha=1995-06-14, tipo=VOLUNTARIO, idCentro=CL03], Trabajador [nombre=Carlos Méndez, dni=33445566F, fecha=1982-01-10, tipo=ASALARIADO, idCentro=CL03], Trabajador [nombre=Rafael Sánchez, dni=88990011I, fecha=1978-02-17, tipo=ASALARIADO, idCentro=CL03], Trabajador [nombre=Elena Martín, dni=77889900H, fecha=1993-09-29, tipo=VOLUNTARIO, idCentro=CL03]]], CentroLogistico [id=CL02, nombre=Banco de Alimentos Málaga, ciudad=Málaga, numComedores=35, trabajadores=[Trabajador [nombre=Pedro López, dni=11223344C, fecha=1975-08-23, tipo=ASALARIADO, idCentro=CL02], Trabajador [nombre=Ana Torres, dni=44332211D, fecha=1988-03-30, tipo=VOLUNTARIO, idCentro=CL02], Trabajador [nombre=Lucía Martín, dni=55667788F, fecha=1991-07-08, tipo=ASALARIADO, idCentro=CL02], Trabajador [nombre=Francisco Ruiz, dni=66778899G, fecha=1984-12-19, tipo=VOLUNTARIO, idCentro=CL02]]], CentroLogistico [id=CL01, nombre=Banco de Alimentos Sevilla, ciudad=Sevilla, numComedores=50, trabajadores=[Trabajador [nombre=Isabel Morales, dni=34567890C, fecha=1985-05-22, tipo=ASALARIADO, idCentro=CL01], Trabajador [nombre=María González, dni=87654321B, fecha=1992-11-05, tipo=VOLUNTARIO, idCentro=CL01], Trabajador [nombre=Juan Pérez, dni=12345678A, fecha=1980-04-12, tipo=ASALARIADO, idCentro=CL01], Trabajador [nombre=Antonio Fernández, dni=23456789D, fecha=1977-03-14, tipo=VOLUNTARIO, idCentro=CL01]]]]
2025-11-12 09:38:13.908 [main] INFO  Simulacro.BancoDeAlimentos.Controllers.GestionaBancoAlimentos - === ASALARIADOS ===
2025-11-12 09:38:13.908 [main] INFO  Simulacro.BancoDeAlimentos.Controllers.GestionaBancoAlimentos - Trabajador [nombre=Manuel Serrano, dni=10111213K, fecha=1983-04-01, tipo=ASALARIADO, idCentro=CL04]
2025-11-12 09:38:13.909 [main] INFO  Simulacro.BancoDeAlimentos.Controllers.GestionaBancoAlimentos - Trabajador [nombre=Alberto García, dni=22334455H, fecha=1979-09-15, tipo=ASALARIADO, idCentro=CL04]
2025-11-12 09:38:13.909 [main] INFO  Simulacro.BancoDeAlimentos.Controllers.GestionaBancoAlimentos - Trabajador [nombre=Carlos Méndez, dni=33445566F, fecha=1982-01-10, tipo=ASALARIADO, idCentro=CL03]
2025-11-12 09:38:13.909 [main] INFO  Simulacro.BancoDeAlimentos.Controllers.GestionaBancoAlimentos - Trabajador [nombre=Rafael Sánchez, dni=88990011I, fecha=1978-02-17, tipo=ASALARIADO, idCentro=CL03]
2025-11-12 09:38:13.909 [main] INFO  Simulacro.BancoDeAlimentos.Controllers.GestionaBancoAlimentos - Trabajador [nombre=Pedro López, dni=11223344C, fecha=1975-08-23, tipo=ASALARIADO, idCentro=CL02]
2025-11-12 09:38:13.909 [main] INFO  Simulacro.BancoDeAlimentos.Controllers.GestionaBancoAlimentos - Trabajador [nombre=Lucía Martín, dni=55667788F, fecha=1991-07-08, tipo=ASALARIADO, idCentro=CL02]
2025-11-12 09:38:13.909 [main] INFO  Simulacro.BancoDeAlimentos.Controllers.GestionaBancoAlimentos - Trabajador [nombre=Isabel Morales, dni=34567890C, fecha=1985-05-22, tipo=ASALARIADO, idCentro=CL01]
2025-11-12 09:38:13.909 [main] INFO  Simulacro.BancoDeAlimentos.Controllers.GestionaBancoAlimentos - Trabajador [nombre=Juan Pérez, dni=12345678A, fecha=1980-04-12, tipo=ASALARIADO, idCentro=CL01]
2025-11-12 09:38:13.909 [main] INFO  Simulacro.BancoDeAlimentos.Controllers.GestionaBancoAlimentos - === VOLUNTARIOS ===
2025-11-12 09:38:13.910 [main] INFO  Simulacro.BancoDeAlimentos.Controllers.GestionaBancoAlimentos - Trabajador [nombre=Julia Muñoz, dni=99001122J, fecha=1987-10-05, tipo=VOLUNTARIO, idCentro=CL04]
2025-11-12 09:38:13.910 [main] INFO  Simulacro.BancoDeAlimentos.Controllers.GestionaBancoAlimentos - Trabajador [nombre=Elena Ruiz, dni=99887766G, fecha=1990-12-22, tipo=VOLUNTARIO, idCentro=CL04]
2025-11-12 09:38:13.910 [main] INFO  Simulacro.BancoDeAlimentos.Controllers.GestionaBancoAlimentos - Trabajador [nombre=Laura Fernández, dni=55667788E, fecha=1995-06-14, tipo=VOLUNTARIO, idCentro=CL03]
2025-11-12 09:38:13.910 [main] INFO  Simulacro.BancoDeAlimentos.Controllers.GestionaBancoAlimentos - Trabajador [nombre=Elena Martín, dni=77889900H, fecha=1993-09-29, tipo=VOLUNTARIO, idCentro=CL03]
2025-11-12 09:38:13.910 [main] INFO  Simulacro.BancoDeAlimentos.Controllers.GestionaBancoAlimentos - Trabajador [nombre=Ana Torres, dni=44332211D, fecha=1988-03-30, tipo=VOLUNTARIO, idCentro=CL02]
2025-11-12 09:38:13.910 [main] INFO  Simulacro.BancoDeAlimentos.Controllers.GestionaBancoAlimentos - Trabajador [nombre=Francisco Ruiz, dni=66778899G, fecha=1984-12-19, tipo=VOLUNTARIO, idCentro=CL02]
2025-11-12 09:38:13.910 [main] INFO  Simulacro.BancoDeAlimentos.Controllers.GestionaBancoAlimentos - Trabajador [nombre=María González, dni=87654321B, fecha=1992-11-05, tipo=VOLUNTARIO, idCentro=CL01]
2025-11-12 09:38:13.910 [main] INFO  Simulacro.BancoDeAlimentos.Controllers.GestionaBancoAlimentos - Trabajador [nombre=Antonio Fernández, dni=23456789D, fecha=1977-03-14, tipo=VOLUNTARIO, idCentro=CL01]
2025-11-12 09:38:13.914 [main] INFO  Simulacro.BancoDeAlimentos.Controllers.GestionaBancoAlimentos - CSV generado correctamente
2025-11-12 09:38:13.957 [main] INFO  Simulacro.BancoDeAlimentos.Utils.XMLBancoAlimentos - Archivo XML generado correctamente: bancoAlimentosSalida.xml
2025-11-12 09:38:13.957 [main] INFO  Simulacro.BancoDeAlimentos.Controllers.GestionaBancoAlimentos - XML generado correctamente: bancoAlimentosSalida.xml
2025-11-12 12:39:05.830 [main] INFO  Simulacro.BancoDeAlimentos.Controllers.GestionaBancoAlimentos - Centros cargados: [CentroLogistico [id=CL04, nombre=Banco de Alimentos Córdoba, ciudad=Córdoba, numComedores=22, trabajadores=[Trabajador [nombre=Manuel Serrano, dni=10111213K, fecha=1983-04-01, tipo=ASALARIADO, idCentro=CL04], Trabajador [nombre=Alberto García, dni=22334455H, fecha=1979-09-15, tipo=ASALARIADO, idCentro=CL04], Trabajador [nombre=Julia Muñoz, dni=99001122J, fecha=1987-10-05, tipo=VOLUNTARIO, idCentro=CL04], Trabajador [nombre=Elena Ruiz, dni=99887766G, fecha=1990-12-22, tipo=VOLUNTARIO, idCentro=CL04]]], CentroLogistico [id=CL03, nombre=Banco de Alimentos Granada, ciudad=Granada, numComedores=28, trabajadores=[Trabajador [nombre=Laura Fernández, dni=55667788E, fecha=1995-06-14, tipo=VOLUNTARIO, idCentro=CL03], Trabajador [nombre=Carlos Méndez, dni=33445566F, fecha=1982-01-10, tipo=ASALARIADO, idCentro=CL03], Trabajador [nombre=Rafael Sánchez, dni=88990011I, fecha=1978-02-17, tipo=ASALARIADO, idCentro=CL03], Trabajador [nombre=Elena Martín, dni=77889900H, fecha=1993-09-29, tipo=VOLUNTARIO, idCentro=CL03]]], CentroLogistico [id=CL02, nombre=Banco de Alimentos Málaga, ciudad=Málaga, numComedores=35, trabajadores=[Trabajador [nombre=Pedro López, dni=11223344C, fecha=1975-08-23, tipo=ASALARIADO, idCentro=CL02], Trabajador [nombre=Ana Torres, dni=44332211D, fecha=1988-03-30, tipo=VOLUNTARIO, idCentro=CL02], Trabajador [nombre=Lucía Martín, dni=55667788F, fecha=1991-07-08, tipo=ASALARIADO, idCentro=CL02], Trabajador [nombre=Francisco Ruiz, dni=66778899G, fecha=1984-12-19, tipo=VOLUNTARIO, idCentro=CL02]]], CentroLogistico [id=CL01, nombre=Banco de Alimentos Sevilla, ciudad=Sevilla, numComedores=50, trabajadores=[Trabajador [nombre=Isabel Morales, dni=34567890C, fecha=1985-05-22, tipo=ASALARIADO, idCentro=CL01], Trabajador [nombre=María González, dni=87654321B, fecha=1992-11-05, tipo=VOLUNTARIO, idCentro=CL01], Trabajador [nombre=Juan Pérez, dni=12345678A, fecha=1980-04-12, tipo=ASALARIADO, idCentro=CL01], Trabajador [nombre=Antonio Fernández, dni=23456789D, fecha=1977-03-14, tipo=VOLUNTARIO, idCentro=CL01]]]]
2025-11-12 12:39:05.833 [main] INFO  Simulacro.BancoDeAlimentos.Controllers.GestionaBancoAlimentos - === ASALARIADOS ===
